<?xml version="1.0" encoding="UTF-8"?>
<testsuite xmlns:xsi="http://www.w3.org/2001/XMLSchema-instance" xsi:noNamespaceSchemaLocation="https://maven.apache.org/surefire/maven-surefire-plugin/xsd/surefire-test-report.xsd" name="MainTest" time="1.03" tests="8" errors="0" skipped="0" failures="0">
  <properties>
[...]
</properties>
  <testcase name="testGetUnionMethod" classname="MainTest" time="0.018"/>
  <testcase name="testGetIntersectMethod" classname="MainTest" time="0.002"/>
  <testcase name="testTaskAccessModifiers" classname="MainTest" time="0.001"/>
  <testcase name="testGetTasksMethod" classname="MainTest" time="0.001"/>
  <testcase name="testFindUniqueWordsMethod" classname="MainTest" time="0.007"/>
  <testcase name="testTaskTypes" classname="MainTest" time="0.005"/>
  <testcase name="testGetDifferenceMethod" classname="MainTest" time="0.001"/>
  <testcase name="testTaskDataAccessModifiers" classname="MainTest" time="0"/>
</testsuite>